<?xml version="1.0" encoding="UTF-8"?>
<!-- Generated by org.testng.reporters.JUnitReportReporter -->
<testsuite hostname="DESKTOP-N9112CN" failures="0" tests="1" name="tests.UserListTest" time="3.292" errors="0" timestamp="2025-09-15T00:05:19 IST" skipped="0">
  <testcase classname="tests.UserListTest" name="getUserTest" time="3.292"/>
</testsuite> <!-- tests.UserListTest -->
