<?xml version="1.0" encoding="UTF-8"?>
<!-- Generated by org.testng.reporters.JUnitReportReporter -->
<testsuite hostname="DESKTOP-N9112CN" failures="0" tests="1" name="tests.UserListTest" time="23.528" errors="0" timestamp="2025-09-15T21:27:10 IST" skipped="0">
  <testcase classname="tests.UserListTest" name="getUserTest" time="23.528"/>
</testsuite> <!-- tests.UserListTest -->
